<?xml version="1.0" encoding="UTF-8"?>
<testng-results skipped="0" failed="0" ignored="0" total="1" passed="1">
  <reporter-output>
  </reporter-output>
  <suite name="Suite" duration-ms="9494" started-at="2019-01-10T17:38:43Z" finished-at="2019-01-10T17:38:53Z">
    <groups>
    </groups>
    <test name="Test" duration-ms="9494" started-at="2019-01-10T17:38:43Z" finished-at="2019-01-10T17:38:53Z">
      <class name="BeforePackage.Interview">
        <test-method status="PASS" signature="login()[pri:0, instance:BeforePackage.Interview@4667ae56]" name="login" duration-ms="9469" started-at="2019-01-10T17:38:43Z" finished-at="2019-01-10T17:38:53Z">
          <reporter-output>
          </reporter-output>
        </test-method> <!-- login -->
      </class> <!-- BeforePackage.Interview -->
    </test> <!-- Test -->
  </suite> <!-- Suite -->
</testng-results>
